[debug] [2022-01-05T20:03:33.187Z] ----------------------------------------------------------------------
[debug] [2022-01-05T20:03:33.188Z] Command:       /usr/local/bin/node /usr/local/bin/firebase init
[debug] [2022-01-05T20:03:33.189Z] CLI Version:   10.0.1
[debug] [2022-01-05T20:03:33.189Z] Platform:      darwin
[debug] [2022-01-05T20:03:33.189Z] Node Version:  v14.17.0
[debug] [2022-01-05T20:03:33.190Z] Time:          Wed Jan 05 2022 14:03:33 GMT-0600 (Central Standard Time)
[debug] [2022-01-05T20:03:33.190Z] ----------------------------------------------------------------------
[debug] 
[debug] [2022-01-05T20:03:33.196Z] > command requires scopes: ["email","openid","https://www.googleapis.com/auth/cloudplatformprojects.readonly","https://www.googleapis.com/auth/firebase","https://www.googleapis.com/auth/cloud-platform"]
[debug] [2022-01-05T20:03:33.197Z] > authorizing via signed-in user (curtwphillips@gmail.com)
[info] 
     ######## #### ########  ######## ########     ###     ######  ########
     ##        ##  ##     ## ##       ##     ##  ##   ##  ##       ##
     ######    ##  ########  ######   ########  #########  ######  ######
     ##        ##  ##    ##  ##       ##     ## ##     ##       ## ##
     ##       #### ##     ## ######## ########  ##     ##  ######  ########

You're about to initialize a Firebase project in this directory:

  /Users/curt/code/github/site

[info] 
=== Project Setup
[info] 
[info] First, let's associate this project directory with a Firebase project.
[info] You can create multiple project aliases by running firebase use --add, 
[info] but for now we'll just set up a default project.
[info] 
